{
  "RSpec": {
    "coverage": {
      "/Users/tomasgarciamusic/Desktop/Re-Makers/Re-Week_1/re-boris-bikes-challenge/spec/bike_spec.rb": {
        "lines": [
          null,
          null,
          1,
          null,
          1,
          2,
          null,
          1,
          1,
          1,
          1,
          null,
          null
        ]
      },
      "/Users/tomasgarciamusic/Desktop/Re-Makers/Re-Week_1/re-boris-bikes-challenge/lib/bike.rb": {
        "lines": [
          null,
          null,
          1,
          1,
          null,
          1,
          61,
          null,
          null,
          1,
          6,
          null,
          null
        ]
      },
      "/Users/tomasgarciamusic/Desktop/Re-Makers/Re-Week_1/re-boris-bikes-challenge/spec/docking_station_spec.rb": {
        "lines": [
          null,
          null,
          1,
          null,
          1,
          2,
          null,
          1,
          1,
          1,
          1,
          null,
          null,
          1,
          1,
          1,
          1,
          null,
          null,
          1,
          1,
          null,
          null,
          1,
          1,
          1,
          1,
          null,
          null,
          2,
          null,
          1,
          1,
          1,
          1,
          null,
          null,
          1,
          2,
          null,
          null,
          1,
          21,
          2,
          null,
          null,
          1,
          1,
          1,
          null,
          null,
          1,
          1,
          31,
          2,
          null,
          null,
          1,
          1,
          null,
          null,
          1,
          1,
          1,
          1,
          1,
          null,
          null,
          1,
          1,
          1,
          2,
          null,
          null,
          null,
          1,
          2,
          2,
          1,
          1,
          20,
          null,
          2,
          null,
          null
        ]
      },
      "/Users/tomasgarciamusic/Desktop/Re-Makers/Re-Week_1/re-boris-bikes-challenge/lib/docking_station.rb": {
        "lines": [
          null,
          null,
          1,
          null,
          1,
          1,
          null,
          1,
          null,
          1,
          15,
          15,
          null,
          null,
          1,
          4,
          3,
          null,
          2,
          null,
          null,
          1,
          79,
          76,
          76,
          null,
          null,
          1,
          null,
          1,
          79,
          null,
          null,
          1,
          4,
          null,
          null
        ]
      }
    },
    "timestamp": 1644225518
  }
}
